<?xml version="1.0" encoding="UTF-8"?>
<testng-results ignored="0" total="1" passed="1" failed="0" skipped="0">
  <reporter-output>
  </reporter-output>
  <suite started-at="2024-02-28T15:18:00 IST" name="Suite" finished-at="2024-02-28T15:18:15 IST" duration-ms="15241">
    <groups>
    </groups>
    <test started-at="2024-02-28T15:18:00 IST" name="Test" finished-at="2024-02-28T15:18:15 IST" duration-ms="15241">
      <class name="humanResources.TestNgclass">
        <test-method is-config="true" signature="openapp()[pri:0, instance:humanResources.TestNgclass@34e9fd99]" started-at="2024-02-28T15:18:00 IST" name="openapp" finished-at="2024-02-28T15:18:10 IST" duration-ms="10085" status="PASS">
          <reporter-output>
          </reporter-output>
        </test-method> <!-- openapp -->
        <test-method signature="login()[pri:0, instance:humanResources.TestNgclass@34e9fd99]" started-at="2024-02-28T15:18:10 IST" name="login" finished-at="2024-02-28T15:18:13 IST" duration-ms="3138" status="PASS">
          <reporter-output>
          </reporter-output>
        </test-method> <!-- login -->
        <test-method is-config="true" signature="closeapp()[pri:0, instance:humanResources.TestNgclass@34e9fd99]" started-at="2024-02-28T15:18:13 IST" name="closeapp" finished-at="2024-02-28T15:18:15 IST" duration-ms="1889" status="PASS">
          <reporter-output>
          </reporter-output>
        </test-method> <!-- closeapp -->
      </class> <!-- humanResources.TestNgclass -->
    </test> <!-- Test -->
  </suite> <!-- Suite -->
</testng-results>
